<?xml version="1.0" encoding="UTF-8"?>
<!-- Generated by org.testng.reporters.JUnitReportReporter -->
<testsuite skipped="0" hostname="CP1092" name="com.guru.script.TestLinkCases" tests="1" failures="0" timestamp="09 Mar 2017 11:41:20 GMT" time="18.247" errors="0">
  <testcase name="testSearchCountry" time="18.247" classname="com.guru.script.TestLinkCases"/>
</testsuite> <!-- com.guru.script.TestLinkCases -->
